2022-01-16 20:08:33,496 CRITICAL   client_log_config Критическая ошибка
2022-01-16 20:08:33,497 ERROR      client_log_config Ошибка
2022-01-16 20:08:33,497 DEBUG      client_log_config Отладочная информация
2022-01-16 20:08:33,498 INFO       client_log_config Информационное сообщение
2022-01-16 20:50:59,998 INFO       client  IP адрес и порт установлены "по умолчанию"
2022-01-16 20:51:00,006 INFO       client  Пользователь в сети
2022-01-16 20:51:00,008 INFO       client  Успешный запрос
2022-01-16 20:57:29,462 INFO       client  IP адрес и порт установлены "по умолчанию"
2022-01-16 20:57:29,468 INFO       client  Пользователь в сети
2022-01-16 20:57:29,473 INFO       client  Успешный запрос
2022-01-16 20:57:29,493 INFO       client  200 : OK
2022-01-16 21:07:56,435 INFO       client  IP адрес и порт установлены "по умолчанию"
2022-01-16 21:07:56,441 INFO       client  Пользователь в сети
2022-01-16 21:07:56,443 INFO       client  Успешный запрос
2022-01-16 21:07:56,443 INFO       client  Ответ от сервера: {'response': 200}
2022-01-16 21:07:56,444 INFO       client   Обработанный ответ сервера: 200 : OK
2022-01-16 21:11:34,914 INFO       client  IP адрес и порт установлены "по умолчанию"
2022-01-16 21:11:34,920 INFO       client  Пользователь в сети
2022-01-16 21:11:34,921 INFO       client  Отправка сообщения на сервер
2022-01-16 21:11:34,923 INFO       client  Успешный запрос
2022-01-16 21:11:34,923 INFO       client  Ответ от сервера: {'response': 200}
2022-01-16 21:11:34,924 INFO       client  Обработанный ответ сервера: 200 : OK
